        -:    0:Source:../myMath.cpp
        -:    0:Graph:objs/../myMath.gcno
        -:    0:Data:objs/../myMath.gcda
        -:    0:Runs:1
        -:    0:Programs:1
        -:    1:#include "myMath.h"
        -:    2:
        2:    3:int myMath::GCD(int a, int b)
        -:    4:{
        2:    5:	int n1 = a;
        2:    6:	int n2 = b;
        6:    7:	while(n1 != n2)
        -:    8:	{
        2:    9:		if(n1 > n2)
        1:   10:			n1 -= n2;
        -:   11:		else
        1:   12:			n2 -= n1;
        -:   13:	}
        -:   14:	
        2:   15:	return n1;
        -:   16:}
        -:   17:	
        2:   18:int myMath::LCM(int n1, int n2)
        -:   19:{
        2:   20:	int max = (n1 > n2) ? n1 : n2;
        -:   21:
        -:   22:	do
        -:   23:	{
       74:   24:		if (max % n1 == 0 && max % n2 == 0)
        -:   25:		{
        2:   26:			return max;
        -:   27:		}
        -:   28:		else
       36:   29:			++max;
        -:   30:	} while (true);
        -:   31:	return max;
        -:   32:}
